23:41:50.636 [main] INFO  OpenSource.Automation.Tests.Test.TestSetup - Verify Login Executed Successfully 
23:41:50.696 [main] INFO  OpenSource.Automation.Tests.Test.TestSetup - Verify Logo Executed Successfully 
23:41:50.760 [main] INFO  OpenSource.Automation.Tests.Test.TestSetup - Verify Market Insights Executed Successfully 
23:41:50.858 [main] INFO  OpenSource.Automation.Tests.Test.TestSetup - Verify Reports Executed Successfully 
23:41:50.902 [main] INFO  OpenSource.Automation.Tests.Test.TestSetup - Verify Search Box  Executed Successfully 
00:43:21.816 [main] INFO  OpenSource.Automation.Tests.Test.TestSetup - Launch Login Executed Successfully 
00:43:21.934 [main] INFO  OpenSource.Automation.Tests.Test.TestSetup - Verify Customer Service Executed Successfully 
00:43:22.018 [main] INFO  OpenSource.Automation.Tests.Test.TestSetup - Verify Feedback Executed Successfully 
00:43:22.082 [main] INFO  OpenSource.Automation.Tests.Test.TestSetup - Verify Fund Solution Executed Successfully 
00:43:22.141 [main] INFO  OpenSource.Automation.Tests.Test.TestSetup - Verify Investor Functionality Executed Successfully 
00:43:22.198 [main] INFO  OpenSource.Automation.Tests.Test.TestSetup - Verify Login Executed Successfully 
00:43:22.244 [main] INFO  OpenSource.Automation.Tests.Test.TestSetup - Verify Logo Executed Successfully 
00:43:22.304 [main] INFO  OpenSource.Automation.Tests.Test.TestSetup - Verify Market Insights Executed Successfully 
00:43:22.366 [main] INFO  OpenSource.Automation.Tests.Test.TestSetup - Verify Reports Executed Successfully 
00:43:22.405 [main] INFO  OpenSource.Automation.Tests.Test.TestSetup - Verify Search Box  Executed Successfully 
00:46:34.544 [main] INFO  OpenSource.Automation.Tests.Test.TestSetup - Launch Login Executed Successfully 
00:46:34.712 [main] INFO  OpenSource.Automation.Tests.Test.TestSetup - Verify Customer Service Executed Successfully 
00:46:34.835 [main] INFO  OpenSource.Automation.Tests.Test.TestSetup - Verify Feedback Executed Successfully 
00:46:34.915 [main] INFO  OpenSource.Automation.Tests.Test.TestSetup - Verify Fund Solution Executed Successfully 
00:46:34.999 [main] INFO  OpenSource.Automation.Tests.Test.TestSetup - Verify Investor Functionality Executed Successfully 
00:46:35.054 [main] INFO  OpenSource.Automation.Tests.Test.TestSetup - Verify Login Executed Successfully 
00:46:35.106 [main] INFO  OpenSource.Automation.Tests.Test.TestSetup - Verify Logo Executed Successfully 
00:46:35.178 [main] INFO  OpenSource.Automation.Tests.Test.TestSetup - Verify Market Insights Executed Successfully 
